  TextureCache.cpp
c:\users\luis\documents\fundamentos-teoria-de-juegos201802\fundamentos\papuengine\gltexture.h(3): fatal error C1083: Cannot open include file: 'GL/glew.h': No such file or directory
  Sprite.cpp
c:\users\luis\documents\fundamentos-teoria-de-juegos201802\fundamentos\papuengine\sprite.h(2): fatal error C1083: Cannot open include file: 'GL\glew.h': No such file or directory
  ResourceManager.cpp
c:\users\luis\documents\fundamentos-teoria-de-juegos201802\fundamentos\papuengine\gltexture.h(3): fatal error C1083: Cannot open include file: 'GL/glew.h': No such file or directory
  picoPNG.cpp
  MainGame.cpp
c:\users\luis\documents\fundamentos-teoria-de-juegos201802\fundamentos\papuengine\maingame.h(2): fatal error C1083: Cannot open include file: 'SDL\SDL.h': No such file or directory
  main.cpp
c:\users\luis\documents\fundamentos-teoria-de-juegos201802\fundamentos\papuengine\main.cpp(1): fatal error C1083: Cannot open include file: 'SDL\SDL.h': No such file or directory
  IOManager.cpp
c:\users\luis\documents\fundamentos-teoria-de-juegos201802\fundamentos\papuengine\iomanager.cpp(15): warning C4244: 'initializing': conversion from 'std::streamoff' to 'int', possible loss of data
c:\users\luis\documents\fundamentos-teoria-de-juegos201802\fundamentos\papuengine\iomanager.cpp(18): warning C4244: '-=': conversion from 'std::streamoff' to 'int', possible loss of data
  ImageLoader.cpp
c:\users\luis\documents\fundamentos-teoria-de-juegos201802\fundamentos\papuengine\gltexture.h(3): fatal error C1083: Cannot open include file: 'GL/glew.h': No such file or directory
  GLS_Program.cpp
c:\users\luis\documents\fundamentos-teoria-de-juegos201802\fundamentos\papuengine\gls_program.h(2): fatal error C1083: Cannot open include file: 'GL/glew.h': No such file or directory
  Error.cpp
  Generating Code...
