c:\users\pcsilval\downloads\proyecto1\papuengine\debug\vc140.pdb
c:\users\pcsilval\downloads\proyecto1\papuengine\debug\vc140.idb
c:\users\pcsilval\downloads\proyecto1\papuengine\debug\gameoverscreen.obj
c:\users\pcsilval\downloads\proyecto1\papuengine\debug\gameplayscreen.obj
c:\users\pcsilval\downloads\proyecto1\papuengine\debug\gls_program.obj
c:\users\pcsilval\downloads\proyecto1\papuengine\debug\imageloader.obj
c:\users\pcsilval\downloads\proyecto1\papuengine\debug\inputmanager.obj
c:\users\pcsilval\downloads\proyecto1\papuengine\debug\iomanager.obj
c:\users\pcsilval\downloads\proyecto1\papuengine\debug\main.obj
c:\users\pcsilval\downloads\proyecto1\papuengine\debug\menuscreen.obj
c:\users\pcsilval\downloads\proyecto1\papuengine\debug\papuengine.obj
c:\users\pcsilval\downloads\proyecto1\papuengine\debug\picopng.obj
c:\users\pcsilval\downloads\proyecto1\papuengine\debug\resourcemanager.obj
c:\users\pcsilval\downloads\proyecto1\papuengine\debug\screenlist.obj
c:\users\pcsilval\downloads\proyecto1\papuengine\debug\ship.obj
c:\users\pcsilval\downloads\proyecto1\papuengine\debug\sprite.obj
c:\users\pcsilval\downloads\proyecto1\papuengine\debug\spritebacth.obj
c:\users\pcsilval\downloads\proyecto1\papuengine\debug\spritefont.obj
c:\users\pcsilval\downloads\proyecto1\papuengine\debug\texturecache.obj
c:\users\pcsilval\downloads\proyecto1\papuengine\debug\timing.obj
c:\users\pcsilval\downloads\proyecto1\papuengine\debug\vullet.obj
c:\users\pcsilval\downloads\proyecto1\papuengine\debug\window.obj
c:\users\pcsilval\downloads\proyecto1\papuengine\debug\agent.obj
c:\users\pcsilval\downloads\proyecto1\papuengine\debug\app.obj
c:\users\pcsilval\downloads\proyecto1\papuengine\debug\background.obj
c:\users\pcsilval\downloads\proyecto1\papuengine\debug\button.obj
c:\users\pcsilval\downloads\proyecto1\papuengine\debug\camera2d.obj
c:\users\pcsilval\downloads\proyecto1\papuengine\debug\enemyship.obj
c:\users\pcsilval\downloads\proyecto1\papuengine\debug\error.obj
c:\users\pcsilval\downloads\proyecto1\papuengine\debug\game.obj
c:\users\pcsilval\documents\fundamentos-teoria-de-juegos201802\fundamentos\papuengine\debug\vc140.pdb
c:\users\pcsilval\documents\fundamentos-teoria-de-juegos201802\fundamentos\papuengine\debug\vc140.idb
c:\users\pcsilval\documents\fundamentos-teoria-de-juegos201802\fundamentos\papuengine\debug\gameoverscreen.obj
c:\users\pcsilval\documents\fundamentos-teoria-de-juegos201802\fundamentos\papuengine\debug\gameplayscreen.obj
c:\users\pcsilval\documents\fundamentos-teoria-de-juegos201802\fundamentos\papuengine\debug\gls_program.obj
c:\users\pcsilval\documents\fundamentos-teoria-de-juegos201802\fundamentos\papuengine\debug\imageloader.obj
c:\users\pcsilval\documents\fundamentos-teoria-de-juegos201802\fundamentos\papuengine\debug\inputmanager.obj
c:\users\pcsilval\documents\fundamentos-teoria-de-juegos201802\fundamentos\papuengine\debug\iomanager.obj
c:\users\pcsilval\documents\fundamentos-teoria-de-juegos201802\fundamentos\papuengine\debug\main.obj
c:\users\pcsilval\documents\fundamentos-teoria-de-juegos201802\fundamentos\papuengine\debug\menuscreen.obj
c:\users\pcsilval\documents\fundamentos-teoria-de-juegos201802\fundamentos\papuengine\debug\papuengine.obj
c:\users\pcsilval\documents\fundamentos-teoria-de-juegos201802\fundamentos\papuengine\debug\picopng.obj
c:\users\pcsilval\documents\fundamentos-teoria-de-juegos201802\fundamentos\papuengine\debug\resourcemanager.obj
c:\users\pcsilval\documents\fundamentos-teoria-de-juegos201802\fundamentos\papuengine\debug\screenlist.obj
c:\users\pcsilval\documents\fundamentos-teoria-de-juegos201802\fundamentos\papuengine\debug\ship.obj
c:\users\pcsilval\documents\fundamentos-teoria-de-juegos201802\fundamentos\papuengine\debug\sprite.obj
c:\users\pcsilval\documents\fundamentos-teoria-de-juegos201802\fundamentos\papuengine\debug\spritebacth.obj
c:\users\pcsilval\documents\fundamentos-teoria-de-juegos201802\fundamentos\papuengine\debug\spritefont.obj
c:\users\pcsilval\documents\fundamentos-teoria-de-juegos201802\fundamentos\papuengine\debug\texturecache.obj
c:\users\pcsilval\documents\fundamentos-teoria-de-juegos201802\fundamentos\papuengine\debug\timing.obj
c:\users\pcsilval\documents\fundamentos-teoria-de-juegos201802\fundamentos\papuengine\debug\vullet.obj
c:\users\pcsilval\documents\fundamentos-teoria-de-juegos201802\fundamentos\papuengine\debug\window.obj
c:\users\pcsilval\documents\fundamentos-teoria-de-juegos201802\fundamentos\papuengine\debug\agent.obj
c:\users\pcsilval\documents\fundamentos-teoria-de-juegos201802\fundamentos\papuengine\debug\app.obj
c:\users\pcsilval\documents\fundamentos-teoria-de-juegos201802\fundamentos\papuengine\debug\background.obj
c:\users\pcsilval\documents\fundamentos-teoria-de-juegos201802\fundamentos\papuengine\debug\button.obj
c:\users\pcsilval\documents\fundamentos-teoria-de-juegos201802\fundamentos\papuengine\debug\camera2d.obj
c:\users\pcsilval\documents\fundamentos-teoria-de-juegos201802\fundamentos\papuengine\debug\endscreen.obj
c:\users\pcsilval\documents\fundamentos-teoria-de-juegos201802\fundamentos\papuengine\debug\enemy.obj
c:\users\pcsilval\documents\fundamentos-teoria-de-juegos201802\fundamentos\papuengine\debug\jugador.obj
c:\users\pcsilval\documents\fundamentos-teoria-de-juegos201802\fundamentos\papuengine\debug\playscreen.obj
c:\users\pcsilval\downloads\proyecto1\debug\papuengine.ilk
c:\users\pcsilval\downloads\proyecto1\debug\papuengine.exe
c:\users\pcsilval\downloads\proyecto1\debug\papuengine.pdb
c:\users\pcsilval\documents\fundamentos-teoria-de-juegos201802\fundamentos\debug\papuengine.ilk
c:\users\pcsilval\documents\fundamentos-teoria-de-juegos201802\fundamentos\debug\papuengine.exe
c:\users\pcsilval\documents\fundamentos-teoria-de-juegos201802\fundamentos\debug\papuengine.pdb
c:\users\pcsilval\documents\fundamentos-teoria-de-juegos201802\fundamentos\papuengine\debug\actor.obj
c:\users\pcsilval\documents\fundamentos-teoria-de-juegos201802\fundamentos\papuengine\debug\block.obj
c:\users\pcsilval\documents\fundamentos-teoria-de-juegos201802\fundamentos\papuengine\debug\bullet.obj
c:\users\pcsilval\documents\fundamentos-teoria-de-juegos201802\fundamentos\papuengine\debug\enemyship.obj
c:\users\pcsilval\documents\fundamentos-teoria-de-juegos201802\fundamentos\papuengine\debug\engine.obj
c:\users\pcsilval\documents\fundamentos-teoria-de-juegos201802\fundamentos\papuengine\debug\error.obj
c:\users\pcsilval\documents\fundamentos-teoria-de-juegos201802\fundamentos\papuengine\debug\game.obj
c:\users\pcsilval\documents\fundamentos-teoria-de-juegos201802\fundamentos\papuengine\debug\gui.obj
c:\users\pcsilval\documents\fundamentos-teoria-de-juegos201802\fundamentos\papuengine\debug\human.obj
c:\users\pcsilval\documents\fundamentos-teoria-de-juegos201802\fundamentos\papuengine\debug\level.obj
c:\users\pcsilval\documents\fundamentos-teoria-de-juegos201802\fundamentos\papuengine\debug\maingame.obj
c:\users\pcsilval\documents\fundamentos-teoria-de-juegos201802\fundamentos\papuengine\debug\player.obj
c:\users\pcsilval\documents\fundamentos-teoria-de-juegos201802\fundamentos\papuengine\debug\sritebatch.obj
c:\users\pcsilval\documents\fundamentos-teoria-de-juegos201802\fundamentos\papuengine\debug\zombie.obj
c:\users\pcsilval\documents\fundamentos-teoria-de-juegos201802\fundamentos\papuengine\debug\app.obj.enc
c:\users\pcsilval\documents\fundamentos-teoria-de-juegos201802\fundamentos\papuengine\debug\game.obj.enc
c:\users\pcsilval\documents\fundamentos-teoria-de-juegos201802\fundamentos\papuengine\debug\menuscreen.obj.enc
c:\users\pcsilval\documents\fundamentos-teoria-de-juegos201802\fundamentos\papuengine\debug\screenlist.obj.enc
c:\users\pcsilval\documents\fundamentos-teoria-de-juegos201802\fundamentos\papuengine\debug\papuengine.tlog\cl.command.1.tlog
c:\users\pcsilval\documents\fundamentos-teoria-de-juegos201802\fundamentos\papuengine\debug\papuengine.tlog\cl.read.1.tlog
c:\users\pcsilval\documents\fundamentos-teoria-de-juegos201802\fundamentos\papuengine\debug\papuengine.tlog\cl.write.1.tlog
c:\users\pcsilval\documents\fundamentos-teoria-de-juegos201802\fundamentos\papuengine\debug\papuengine.tlog\link.command.1.tlog
c:\users\pcsilval\documents\fundamentos-teoria-de-juegos201802\fundamentos\papuengine\debug\papuengine.tlog\link.read.1.tlog
c:\users\pcsilval\documents\fundamentos-teoria-de-juegos201802\fundamentos\papuengine\debug\papuengine.tlog\link.write.1.tlog
